./example1.out veri.dat 

 "mpw.txt" No.00 -- planewave --
medium density                   [kg/m^3] :            1000
speed of sound in the medium        [m/s] :            1500
frequency                            [Hz] :          100000
sound pressure amplitude             [Pa] :     10+      0I
x-component of translation vector     [m] :               0
y-component of translation vector     [m] :               0
z-component of translation vector     [m] :               0
rotation parameter theta            [rad] :             0.3
rotation parameter psi              [rad] :           1e-08
-- additional information --
wavelength                            [m] :           0.015
absolute value of sound intensity [W/m^2] : 3.3333333333333e-05
x-component of sound intensity    [W/m^2] : 9.850673555378e-06
y-component of sound intensity    [W/m^2] : 9.850673555378e-14
z-component of sound intensity    [W/m^2] : 3.184454963752e-05

---- sphere data ( msphr.txt ) ----
number of spheres                             :               25
  Sphere ID 0
medium density                       [kg/m^3] :              970
speed of sound in the medium            [m/s] :             1004
radius of sphere                              :            0.005
x-coordinate of sphere center                 :                0
y-coordinate of sphere center                 :                0
z-coordinate of sphere center                 :                0
basic sampling number on sphere surface       :               64
division number for sphere surface    (per PI):                2
limit of order number l                       :               40
  Sphere ID 1
medium density                       [kg/m^3] :              970
speed of sound in the medium            [m/s] :             1004
radius of sphere                              :            0.005
x-coordinate of sphere center                 :             0.05
y-coordinate of sphere center                 :                0
z-coordinate of sphere center                 :                0
basic sampling number on sphere surface       :               64
division number for sphere surface    (per PI):                2
limit of order number l                       :               40
  Sphere ID 2
medium density                       [kg/m^3] :              970
speed of sound in the medium            [m/s] :             1004
radius of sphere                              :            0.005
x-coordinate of sphere center                 :              0.1
y-coordinate of sphere center                 :                0
z-coordinate of sphere center                 :                0
basic sampling number on sphere surface       :               64
division number for sphere surface    (per PI):                2
limit of order number l                       :               40
  Sphere ID 3
medium density                       [kg/m^3] :              970
speed of sound in the medium            [m/s] :             1004
radius of sphere                              :            0.005
x-coordinate of sphere center                 :            -0.05
y-coordinate of sphere center                 :                0
z-coordinate of sphere center                 :                0
basic sampling number on sphere surface       :               64
division number for sphere surface    (per PI):                2
limit of order number l                       :               40
  Sphere ID 4
medium density                       [kg/m^3] :              970
speed of sound in the medium            [m/s] :             1004
radius of sphere                              :            0.005
x-coordinate of sphere center                 :             -0.1
y-coordinate of sphere center                 :                0
z-coordinate of sphere center                 :                0
basic sampling number on sphere surface       :               64
division number for sphere surface    (per PI):                2
limit of order number l                       :               40
  Sphere ID 5
medium density                       [kg/m^3] :              970
speed of sound in the medium            [m/s] :             1004
radius of sphere                              :            0.005
x-coordinate of sphere center                 :                0
y-coordinate of sphere center                 :             0.05
z-coordinate of sphere center                 :                0
basic sampling number on sphere surface       :               64
division number for sphere surface    (per PI):                2
limit of order number l                       :               40
  Sphere ID 6
medium density                       [kg/m^3] :              970
speed of sound in the medium            [m/s] :             1004
radius of sphere                              :            0.005
x-coordinate of sphere center                 :             0.05
y-coordinate of sphere center                 :             0.05
z-coordinate of sphere center                 :                0
basic sampling number on sphere surface       :               64
division number for sphere surface    (per PI):                2
limit of order number l                       :               40
  Sphere ID 7
medium density                       [kg/m^3] :              970
speed of sound in the medium            [m/s] :             1004
radius of sphere                              :            0.005
x-coordinate of sphere center                 :              0.1
y-coordinate of sphere center                 :             0.05
z-coordinate of sphere center                 :                0
basic sampling number on sphere surface       :               64
division number for sphere surface    (per PI):                2
limit of order number l                       :               40
  Sphere ID 8
medium density                       [kg/m^3] :              970
speed of sound in the medium            [m/s] :             1004
radius of sphere                              :            0.005
x-coordinate of sphere center                 :            -0.05
y-coordinate of sphere center                 :             0.05
z-coordinate of sphere center                 :                0
basic sampling number on sphere surface       :               64
division number for sphere surface    (per PI):                2
limit of order number l                       :               40
  Sphere ID 9
medium density                       [kg/m^3] :              970
speed of sound in the medium            [m/s] :             1004
radius of sphere                              :            0.005
x-coordinate of sphere center                 :             -0.1
y-coordinate of sphere center                 :             0.05
z-coordinate of sphere center                 :                0
basic sampling number on sphere surface       :               64
division number for sphere surface    (per PI):                2
limit of order number l                       :               40
  Sphere ID 10
medium density                       [kg/m^3] :              970
speed of sound in the medium            [m/s] :             1004
radius of sphere                              :            0.005
x-coordinate of sphere center                 :                0
y-coordinate of sphere center                 :              0.1
z-coordinate of sphere center                 :                0
basic sampling number on sphere surface       :               64
division number for sphere surface    (per PI):                2
limit of order number l                       :               40
  Sphere ID 11
medium density                       [kg/m^3] :              970
speed of sound in the medium            [m/s] :             1004
radius of sphere                              :            0.005
x-coordinate of sphere center                 :             0.05
y-coordinate of sphere center                 :              0.1
z-coordinate of sphere center                 :                0
basic sampling number on sphere surface       :               64
division number for sphere surface    (per PI):                2
limit of order number l                       :               40
  Sphere ID 12
medium density                       [kg/m^3] :              970
speed of sound in the medium            [m/s] :             1004
radius of sphere                              :            0.005
x-coordinate of sphere center                 :              0.1
y-coordinate of sphere center                 :              0.1
z-coordinate of sphere center                 :                0
basic sampling number on sphere surface       :               64
division number for sphere surface    (per PI):                2
limit of order number l                       :               40
  Sphere ID 13
medium density                       [kg/m^3] :              970
speed of sound in the medium            [m/s] :             1004
radius of sphere                              :            0.005
x-coordinate of sphere center                 :            -0.05
y-coordinate of sphere center                 :              0.1
z-coordinate of sphere center                 :                0
basic sampling number on sphere surface       :               64
division number for sphere surface    (per PI):                2
limit of order number l                       :               40
  Sphere ID 14
medium density                       [kg/m^3] :              970
speed of sound in the medium            [m/s] :             1004
radius of sphere                              :            0.005
x-coordinate of sphere center                 :             -0.1
y-coordinate of sphere center                 :              0.1
z-coordinate of sphere center                 :                0
basic sampling number on sphere surface       :               64
division number for sphere surface    (per PI):                2
limit of order number l                       :               40
  Sphere ID 15
medium density                       [kg/m^3] :              970
speed of sound in the medium            [m/s] :             1004
radius of sphere                              :            0.005
x-coordinate of sphere center                 :                0
y-coordinate of sphere center                 :            -0.05
z-coordinate of sphere center                 :                0
basic sampling number on sphere surface       :               64
division number for sphere surface    (per PI):                2
limit of order number l                       :               40
  Sphere ID 16
medium density                       [kg/m^3] :              970
speed of sound in the medium            [m/s] :             1004
radius of sphere                              :            0.005
x-coordinate of sphere center                 :             0.05
y-coordinate of sphere center                 :            -0.05
z-coordinate of sphere center                 :                0
basic sampling number on sphere surface       :               64
division number for sphere surface    (per PI):                2
limit of order number l                       :               40
  Sphere ID 17
medium density                       [kg/m^3] :              970
speed of sound in the medium            [m/s] :             1004
radius of sphere                              :            0.005
x-coordinate of sphere center                 :              0.1
y-coordinate of sphere center                 :            -0.05
z-coordinate of sphere center                 :                0
basic sampling number on sphere surface       :               64
division number for sphere surface    (per PI):                2
limit of order number l                       :               40
  Sphere ID 18
medium density                       [kg/m^3] :              970
speed of sound in the medium            [m/s] :             1004
radius of sphere                              :            0.005
x-coordinate of sphere center                 :            -0.05
y-coordinate of sphere center                 :            -0.05
z-coordinate of sphere center                 :                0
basic sampling number on sphere surface       :               64
division number for sphere surface    (per PI):                2
limit of order number l                       :               40
  Sphere ID 19
medium density                       [kg/m^3] :              970
speed of sound in the medium            [m/s] :             1004
radius of sphere                              :            0.005
x-coordinate of sphere center                 :             -0.1
y-coordinate of sphere center                 :            -0.05
z-coordinate of sphere center                 :                0
basic sampling number on sphere surface       :               64
division number for sphere surface    (per PI):                2
limit of order number l                       :               40
  Sphere ID 20
medium density                       [kg/m^3] :              970
speed of sound in the medium            [m/s] :             1004
radius of sphere                              :            0.005
x-coordinate of sphere center                 :                0
y-coordinate of sphere center                 :             -0.1
z-coordinate of sphere center                 :                0
basic sampling number on sphere surface       :               64
division number for sphere surface    (per PI):                2
limit of order number l                       :               40
  Sphere ID 21
medium density                       [kg/m^3] :              970
speed of sound in the medium            [m/s] :             1004
radius of sphere                              :            0.005
x-coordinate of sphere center                 :             0.05
y-coordinate of sphere center                 :             -0.1
z-coordinate of sphere center                 :                0
basic sampling number on sphere surface       :               64
division number for sphere surface    (per PI):                2
limit of order number l                       :               40
  Sphere ID 22
medium density                       [kg/m^3] :              970
speed of sound in the medium            [m/s] :             1004
radius of sphere                              :            0.005
x-coordinate of sphere center                 :              0.1
y-coordinate of sphere center                 :             -0.1
z-coordinate of sphere center                 :                0
basic sampling number on sphere surface       :               64
division number for sphere surface    (per PI):                2
limit of order number l                       :               40
  Sphere ID 23
medium density                       [kg/m^3] :              970
speed of sound in the medium            [m/s] :             1004
radius of sphere                              :            0.005
x-coordinate of sphere center                 :            -0.05
y-coordinate of sphere center                 :             -0.1
z-coordinate of sphere center                 :                0
basic sampling number on sphere surface       :               64
division number for sphere surface    (per PI):                2
limit of order number l                       :               40
  Sphere ID 24
medium density                       [kg/m^3] :              970
speed of sound in the medium            [m/s] :             1004
radius of sphere                              :            0.005
x-coordinate of sphere center                 :             -0.1
y-coordinate of sphere center                 :             -0.1
z-coordinate of sphere center                 :                0
basic sampling number on sphere surface       :               64
division number for sphere surface    (per PI):                2
limit of order number l                       :               40

sound pressure and particle velocity at r=(-0.03, 0.01, 0.002)
p  =-1.08159265518167e+01 -3.79718699753537e+00 I [Pa]
vx =-1.98798960171972e-06 -1.31663619708116e-06 I [m/s]
vy =-9.20601549346242e-08 -7.02911382728522e-07 I [m/s]
vz =-6.35647243992170e-06 -1.33454268283151e-06 I [m/s]

radiation force of sphere id 0
F=( 7.61413456810181e-13,  1.68187488302473e-20,  1.77346098323775e-12) [N]
radiation force of sphere id 1
F=( 7.15563656256012e-13,  1.25965580033850e-20,  1.83918227553687e-12) [N]
radiation force of sphere id 2
F=( 6.81582133117134e-13,  1.26634268929060e-20,  1.86908274242553e-12) [N]
radiation force of sphere id 3
F=( 6.80896146118555e-13,  1.57268454125411e-20,  1.89349716787354e-12) [N]
radiation force of sphere id 4
F=( 6.71998238080962e-13,  1.38659109446381e-20,  1.98723534079914e-12) [N]
radiation force of sphere id 5
F=( 7.47700440874838e-13,  1.71196420241789e-14,  1.83078098361181e-12) [N]
radiation force of sphere id 6
F=( 7.26317130503364e-13,  9.15822159199115e-15,  1.86543368568402e-12) [N]
radiation force of sphere id 7
F=( 6.87937108861284e-13, -1.46918029221154e-15,  1.89673063034654e-12) [N]
radiation force of sphere id 8
F=( 6.77346689221045e-13,  1.76119083153604e-14,  1.91290730953396e-12) [N]
radiation force of sphere id 9
F=( 6.80462017497359e-13, -8.57628580290383e-15,  2.01967560177223e-12) [N]
radiation force of sphere id 10
F=( 7.12595681018378e-13,  2.24576807630445e-14,  1.88189936478606e-12) [N]
radiation force of sphere id 11
F=( 6.77027775766924e-13,  1.79606752585183e-14,  1.93646744086986e-12) [N]
radiation force of sphere id 12
F=( 6.47799471294047e-13,  1.07625219843860e-14,  1.94135489403066e-12) [N]
radiation force of sphere id 13
F=( 6.68336185788411e-13,  4.05428323308050e-15,  1.93853089346790e-12) [N]
radiation force of sphere id 14
F=( 6.56692464677117e-13, -6.86817341331567e-15,  2.00788391958940e-12) [N]
radiation force of sphere id 15
F=( 7.47700442371554e-13, -1.71196215600032e-14,  1.83078097365817e-12) [N]
radiation force of sphere id 16
F=( 7.26317138728104e-13, -9.15820768939695e-15,  1.86543366717255e-12) [N]
radiation force of sphere id 17
F=( 6.87937111025371e-13,  1.46919736626133e-15,  1.89673062851828e-12) [N]
radiation force of sphere id 18
F=( 6.77346687628187e-13, -1.76118809637258e-14,  1.91290730104801e-12) [N]
radiation force of sphere id 19
F=( 6.80462018457798e-13,  8.57630046577937e-15,  2.01967560472648e-12) [N]
radiation force of sphere id 20
F=( 7.12595679261880e-13, -2.24576639434080e-14,  1.88189935315039e-12) [N]
radiation force of sphere id 21
F=( 6.77027775742779e-13, -1.79606589764554e-14,  1.93646742952403e-12) [N]
radiation force of sphere id 22
F=( 6.47799467095938e-13, -1.07625019440582e-14,  1.94135490146715e-12) [N]
radiation force of sphere id 23
F=( 6.68336178501016e-13, -4.05426186213229e-15,  1.93853088678924e-12) [N]
radiation force of sphere id 24
F=( 6.56692458925145e-13,  6.86818563306980e-15,  2.00788391608368e-12) [N]


-- verification of relation of sound pressure and particle velocity --
relation : v = 1/k2 nabla p, k2 = i omega rho.
calculate the derivative of p using the central difference. h=1e-06
sphere id 0, r=(0.259343, 0.14168, 0.955336), outside the sphere
  scattered_pv_amsp() : v_x =-1.78285556131411e-08 +7.63123111517759e-08 I
  central difference  : v_x =-1.78285555806558e-08 +7.63123109254402e-08 I
  scattered_pv_amsp() : v_y = 3.73033375593190e-09 +2.51211691860038e-08 I
  central difference  : v_y = 3.73033372971819e-09 +2.51211691361394e-08 I
  scattered_pv_amsp() : v_z =-6.19792212269082e-08 +2.00201559976383e-07 I
  central difference  : v_z =-6.19792194913814e-08 +2.00201554948921e-07 I
sphere id 1, r=(0.309343, 0.14168, 0.955336), outside the sphere
  scattered_pv_amsp() : v_x =-4.66023758947749e-08 +8.69675256837741e-08 I
  central difference  : v_x =-4.66023757470153e-08 +8.69675254783852e-08 I
  scattered_pv_amsp() : v_y =-4.43033186984253e-09 +4.27988844692221e-08 I
  central difference  : v_y =-4.43033190436501e-09 +4.27988843862848e-08 I
  scattered_pv_amsp() : v_z =-1.46894950187811e-07 +2.92088357614682e-07 I
  central difference  : v_z =-1.46894946262210e-07 +2.92088350022833e-07 I
sphere id 2, r=(0.359343, 0.14168, 0.955336), outside the sphere
  scattered_pv_amsp() : v_x = 9.23263099873876e-09 +6.41546399114189e-08 I
  central difference  : v_x = 9.23263096133003e-09 +6.41546398018430e-08 I
  scattered_pv_amsp() : v_y = 1.19869279273272e-08 +2.58716530394003e-08 I
  central difference  : v_y = 1.19869278813022e-08 +2.58716529947019e-08 I
  scattered_pv_amsp() : v_z = 3.11340994730663e-08 +2.21250513974781e-07 I
  central difference  : v_z = 3.11340987619968e-08 +2.21250508114825e-07 I
sphere id 3, r=(0.209343, 0.14168, 0.955336), outside the sphere
  scattered_pv_amsp() : v_x =-1.88806365004956e-08 +5.60915917160374e-08 I
  central difference  : v_x =-1.88806364861291e-08 +5.60915915928941e-08 I
  scattered_pv_amsp() : v_y =-6.67541896441246e-09 +2.79949757303384e-08 I
  central difference  : v_y =-6.67541898638080e-09 +2.79949756804975e-08 I
  scattered_pv_amsp() : v_z =-1.13514858139879e-07 +2.07587221644687e-07 I
  central difference  : v_z =-1.13514854908183e-07 +2.07587216191090e-07 I
sphere id 4, r=(0.159343, 0.14168, 0.955336), outside the sphere
  scattered_pv_amsp() : v_x =-2.04841033386058e-08 +2.64030859007581e-08 I
  central difference  : v_x =-2.04841033026198e-08 +2.64030858540474e-08 I
  scattered_pv_amsp() : v_y = 2.25633270889336e-11 +2.11646208434378e-08 I
  central difference  : v_y = 2.25633240421177e-11 +2.11646208203501e-08 I
  scattered_pv_amsp() : v_z =-3.70614844201211e-08 +1.47499881813745e-07 I
  central difference  : v_z =-3.70614834398781e-08 +1.47499877792734e-07 I
sphere id 5, r=(0.259343, 0.19168, 0.955336), outside the sphere
  scattered_pv_amsp() : v_x = 2.14886258252727e-08 +9.74611026897834e-09 I
  central difference  : v_x = 2.14886257661655e-08 +9.74611025173869e-09 I
  scattered_pv_amsp() : v_y = 3.74057117845203e-08 +6.41267993645545e-09 I
  central difference  : v_y = 3.74057116729842e-08 +6.41267992880996e-09 I
  scattered_pv_amsp() : v_z = 5.44261428296683e-08 +1.90944388944097e-08 I
  central difference  : v_z = 5.44261416971863e-08 +1.90944384638630e-08 I
sphere id 6, r=(0.309343, 0.19168, 0.955336), outside the sphere
  scattered_pv_amsp() : v_x = 2.99806721786096e-08 +2.73472347033410e-08 I
  central difference  : v_x = 2.99806720866939e-08 +2.73472346520871e-08 I
  scattered_pv_amsp() : v_y = 5.53615570565546e-08 +3.35499648270617e-08 I
  central difference  : v_y = 5.53615568799995e-08 +3.35499647666204e-08 I
  scattered_pv_amsp() : v_z = 8.25440813662226e-08 +9.35935103938136e-08 I
  central difference  : v_z = 8.25440796493059e-08 +9.35935081028687e-08 I
sphere id 7, r=(0.359343, 0.19168, 0.955336), outside the sphere
  scattered_pv_amsp() : v_x = 2.09798908378805e-08 +1.68816103999664e-08 I
  central difference  : v_x = 2.09798908177894e-08 +1.68816103512319e-08 I
  scattered_pv_amsp() : v_y = 4.21668187113942e-08 +3.57192280883568e-09 I
  central difference  : v_y = 4.21668185782871e-08 +3.57192282190644e-09 I
  scattered_pv_amsp() : v_z = 7.74404267905455e-08 +4.46348869219767e-08 I
  central difference  : v_z = 7.74404249969186e-08 +4.46348857695514e-08 I
sphere id 8, r=(0.209343, 0.19168, 0.955336), outside the sphere
  scattered_pv_amsp() : v_x = 9.11045681605967e-09 +1.56535005427582e-08 I
  central difference  : v_x = 9.11045679441594e-09 +1.56535005284511e-08 I
  scattered_pv_amsp() : v_y = 2.70043308164102e-08 +2.68466926112251e-08 I
  central difference  : v_y = 2.70043307303327e-08 +2.68466925582476e-08 I
  scattered_pv_amsp() : v_z = 1.27195452727015e-08 +7.79102813596593e-08 I
  central difference  : v_z = 1.27195452183584e-08 +7.79102793930777e-08 I
sphere id 9, r=(0.159343, 0.19168, 0.955336), outside the sphere
  scattered_pv_amsp() : v_x = 1.64093561323628e-09 +1.34111328194898e-08 I
  central difference  : v_x = 1.64093562501216e-09 +1.34111327958509e-08 I
  scattered_pv_amsp() : v_y = 2.62011645333805e-08 +1.94777152038736e-08 I
  central difference  : v_y = 2.62011644734016e-08 +1.94777151812474e-08 I
  scattered_pv_amsp() : v_z = 4.08192841253144e-08 +6.97818750387649e-08 I
  central difference  : v_z = 4.08192831669961e-08 +6.97818731946728e-08 I
sphere id 10, r=(0.259343, 0.24168, 0.955336), outside the sphere
  scattered_pv_amsp() : v_x = 1.08543422248785e-07 -1.78363900040596e-08 I
  central difference  : v_x = 1.08543421939719e-07 -1.78363899134055e-08 I
  scattered_pv_amsp() : v_y = 8.69275922247997e-08 -1.21536872638604e-08 I
  central difference  : v_y = 8.69275920158877e-08 -1.21536872204054e-08 I
  scattered_pv_amsp() : v_z = 2.92350554857555e-07 -4.82954786789263e-08 I
  central difference  : v_z = 2.92350547854303e-07 -4.82954775507666e-08 I
sphere id 11, r=(0.309343, 0.24168, 0.955336), outside the sphere
  scattered_pv_amsp() : v_x = 1.48792719125316e-07 +2.78514325245437e-08 I
  central difference  : v_x = 1.48792718702524e-07 +2.78514324444892e-08 I
  scattered_pv_amsp() : v_y = 1.38299340567531e-07 +3.22607805072734e-08 I
  central difference  : v_y = 1.38299340210024e-07 +3.22607804539876e-08 I
  scattered_pv_amsp() : v_z = 4.60080881584562e-07 +9.09731999867143e-08 I
  central difference  : v_z = 4.60080870387132e-07 +9.09731977731228e-08 I
sphere id 12, r=(0.359343, 0.24168, 0.955336), outside the sphere
  scattered_pv_amsp() : v_x = 8.35659188245609e-08 -1.77948581602633e-08 I
  central difference  : v_x = 8.35659186936595e-08 -1.77948581546159e-08 I
  scattered_pv_amsp() : v_y = 9.17489733475814e-08 -2.12749683637518e-08 I
  central difference  : v_y = 9.17489731112707e-08 -2.12749682931345e-08 I
  scattered_pv_amsp() : v_z = 2.93774016899490e-07 -8.48575123004871e-08 I
  central difference  : v_z = 2.93774009575564e-07 -8.48575101030845e-08 I
sphere id 13, r=(0.209343, 0.24168, 0.955336), outside the sphere
  scattered_pv_amsp() : v_x = 7.13899973312457e-08 +7.09540655922912e-09 I
  central difference  : v_x = 7.13899971736181e-08 +7.09540660683476e-09 I
  scattered_pv_amsp() : v_y = 7.41241410637162e-08 +3.44385503048651e-08 I
  central difference  : v_y = 7.41241408705950e-08 +3.44385502174094e-08 I
  scattered_pv_amsp() : v_z = 2.51142877296406e-07 +9.45960181346931e-08 I
  central difference  : v_z = 2.51142871058190e-07 +9.45960156189167e-08 I
sphere id 14, r=(0.159343, 0.24168, 0.955336), outside the sphere
  scattered_pv_amsp() : v_x = 3.57427529266376e-08 +2.39606744939113e-08 I
  central difference  : v_x = 3.57427528764713e-08 +2.39606744729967e-08 I
  scattered_pv_amsp() : v_y = 6.38323842276959e-08 +2.51261341575864e-08 I
  central difference  : v_y = 6.38323840668785e-08 +2.51261341041613e-08 I
  scattered_pv_amsp() : v_z = 2.06216233788952e-07 +6.92500972563485e-08 I
  central difference  : v_z = 2.06216228508283e-07 +6.92500955484788e-08 I
sphere id 15, r=(0.259343, 0.0916799, 0.955336), outside the sphere
  scattered_pv_amsp() : v_x =-3.70205491114639e-08 +9.95383742274387e-08 I
  central difference  : v_x =-3.70205490227419e-08 +9.95383739277862e-08 I
  scattered_pv_amsp() : v_y =-2.19343055244791e-08 +6.65286156315667e-09 I
  central difference  : v_y =-2.19343055070502e-08 +6.65286153328923e-09 I
  scattered_pv_amsp() : v_z =-1.20374130731626e-07 +2.67416550623262e-07 I
  central difference  : v_z =-1.20374127583200e-07 +2.67416543746740e-07 I
sphere id 16, r=(0.309343, 0.0916799, 0.955336), outside the sphere
  scattered_pv_amsp() : v_x =-7.75131144713707e-08 +9.77757715933972e-08 I
  central difference  : v_x =-7.75131142132090e-08 +9.77757713664246e-08 I
  scattered_pv_amsp() : v_y =-3.48157352441118e-08 +2.57869994505666e-09 I
  central difference  : v_y =-3.48157352266509e-08 +2.57869991988102e-09 I
  scattered_pv_amsp() : v_z =-2.32692977895326e-07 +3.36506930787214e-07 I
  central difference  : v_z =-2.32692971917345e-07 +3.36506921750542e-07 I
sphere id 17, r=(0.359343, 0.0916799, 0.955336), outside the sphere
  scattered_pv_amsp() : v_x = 9.77369291996770e-09 +7.75083549672666e-08 I
  central difference  : v_x = 9.77369283825662e-09 +7.75083548394829e-08 I
  scattered_pv_amsp() : v_y =-1.74550579239538e-08 +1.45775313863974e-08 I
  central difference  : v_y =-1.74550579246462e-08 +1.45775313562384e-08 I
  scattered_pv_amsp() : v_z = 2.03107815536221e-08 +2.71548014807093e-07 I
  central difference  : v_z = 2.03107810447123e-08 +2.71548007507759e-07 I
sphere id 18, r=(0.209343, 0.0916799, 0.955336), outside the sphere
  scattered_pv_amsp() : v_x =-2.80233140343464e-08 +7.05419701088226e-08 I
  central difference  : v_x =-2.80233139978182e-08 +7.05419699487946e-08 I
  scattered_pv_amsp() : v_y =-2.39829385768708e-08 +1.66537048745733e-09 I
  central difference  : v_y =-2.39829385622821e-08 +1.66537047618620e-09 I
  scattered_pv_amsp() : v_z =-1.46598246332767e-07 +2.55504157592584e-07 I
  central difference  : v_z =-1.46598242289356e-07 +2.55504150703287e-07 I
sphere id 19, r=(0.159343, 0.0916799, 0.955336), outside the sphere
  scattered_pv_amsp() : v_x =-2.67436747025810e-08 +3.00393740540146e-08 I
  central difference  : v_x =-2.67436746499608e-08 +3.00393740044981e-08 I
  scattered_pv_amsp() : v_y =-1.50217056740757e-08 +3.94010344906504e-09 I
  central difference  : v_y =-1.50217056490686e-08 +3.94010344826660e-09 I
  scattered_pv_amsp() : v_z =-5.78919519569434e-08 +1.57309754230949e-07 I
  central difference  : v_z =-5.78919505112593e-08 +1.57309749851159e-07 I
sphere id 20, r=(0.259343, 0.0416799, 0.955336), outside the sphere
  scattered_pv_amsp() : v_x =-1.52034399937184e-08 +1.17763265977209e-07 I
  central difference  : v_x =-1.52034399757996e-08 +1.17763265619704e-07 I
  scattered_pv_amsp() : v_y = 2.09456993414298e-09 -1.61910952643779e-08 I
  central difference  : v_y = 2.09456992965444e-09 -1.61910952593953e-08 I
  scattered_pv_amsp() : v_z =-6.89024376157231e-08 +3.20644469302596e-07 I
  central difference  : v_z =-6.89024356673955e-08 +3.20644460969838e-07 I
sphere id 21, r=(0.309343, 0.0416799, 0.955336), outside the sphere
  scattered_pv_amsp() : v_x =-5.28069117806961e-08 +1.25491164413456e-07 I
  central difference  : v_x =-5.28069115772946e-08 +1.25491164103132e-07 I
  scattered_pv_amsp() : v_y = 8.17851159167351e-09 -2.22445776179727e-08 I
  central difference  : v_y = 8.17851158040460e-09 -2.22445776052917e-08 I
  scattered_pv_amsp() : v_z =-1.48497204614445e-07 +4.31759544594670e-07 I
  central difference  : v_z =-1.48497200728009e-07 +4.31759532942058e-07 I
sphere id 22, r=(0.359343, 0.0416799, 0.955336), outside the sphere
  scattered_pv_amsp() : v_x = 3.61370897078251e-08 +8.58789318000731e-08 I
  central difference  : v_x = 3.61370895638383e-08 +8.58789316452354e-08 I
  scattered_pv_amsp() : v_y =-4.61582091282823e-09 -1.44538888676398e-08 I
  central difference  : v_y =-4.61582092210388e-09 -1.44538888592264e-08 I
  scattered_pv_amsp() : v_z = 1.09167877978134e-07 +2.97418375111438e-07 I
  central difference  : v_z = 1.09167875155189e-07 +2.97418367026913e-07 I
sphere id 23, r=(0.209343, 0.0416799, 0.955336), outside the sphere
  scattered_pv_amsp() : v_x =-1.15430077676160e-08 +8.80637993904169e-08 I
  central difference  : v_x =-1.15430077844374e-08 +8.80637991978746e-08 I
  scattered_pv_amsp() : v_y = 4.68766768500921e-09 -1.58294831997654e-08 I
  central difference  : v_y = 4.68766767281625e-09 -1.58294831879038e-08 I
  scattered_pv_amsp() : v_z =-9.07387361640996e-08 +3.39627338722481e-07 I
  central difference  : v_z =-9.07387334860306e-08 +3.39627329457796e-07 I
sphere id 24, r=(0.159343, 0.0416799, 0.955336), outside the sphere
  scattered_pv_amsp() : v_x =-2.05082662266467e-08 +4.24062545376706e-08 I
  central difference  : v_x =-2.05082661981798e-08 +4.24062544646094e-08 I
  scattered_pv_amsp() : v_y = 1.24494414477856e-09 -1.00921755427988e-08 I
  central difference  : v_y = 1.24494415095813e-09 -1.00921755255205e-08 I
  scattered_pv_amsp() : v_z =-4.46048478663161e-09 +1.93456721885116e-07 I
  central difference  : v_z =-4.46048478628700e-09 +1.93456716497340e-07 I

-- verification of boundary conditions --
internal field p_w, v_w, scattered field p_s, v_s, incident field p_i, v_i
boundary condition of sound pressure    : p_i + p_s = p_w 
boundary condition of particle velocity : (v_i + v_s) dot n = v_w dot n
sphere id 0, r=(0.00129672, 0.0007084, 0.00477668), n=(0.259343, 0.14168, 0.955336)
  p_i + p_s =-2.43242097900119e+01 -1.92895026828276e+00 I
  p_w       =-2.43242097900109e+01 -1.92895026828349e+00 I
  (v_i + v_s) dot n =-9.80350236643040e-06 -5.33000545585328e-06 I
  v_w dot n         =-9.80350236643118e-06 -5.33000545585393e-06 I
sphere id 1, r=(0.0512967, 0.0007084, 0.00477668), n=(0.259343, 0.14168, 0.955336)
  p_i + p_s =-2.46545705560329e+01 +6.94607829218578e-01 I
  p_w       =-2.46545705560331e+01 +6.94607829219542e-01 I
  (v_i + v_s) dot n =-1.02400208486632e-05 -4.58212852245207e-06 I
  v_w dot n         =-1.02400208486640e-05 -4.58212852245235e-06 I
sphere id 2, r=(0.101297, 0.0007084, 0.00477668), n=(0.259343, 0.14168, 0.955336)
  p_i + p_s =-2.44831474551778e+01 +3.44314970707469e+00 I
  p_w       =-2.44831474551784e+01 +3.44314970707348e+00 I
  (v_i + v_s) dot n =-1.07144611208424e-05 -3.77175796297570e-06 I
  v_w dot n         =-1.07144611208434e-05 -3.77175796297628e-06 I
sphere id 3, r=(-0.0487033, 0.0007084, 0.00477668), n=(0.259343, 0.14168, 0.955336)
  p_i + p_s =-2.45553428570935e+01 -3.73531245446493e+00 I
  p_w       =-2.45553428570942e+01 -3.73531245446446e+00 I
  (v_i + v_s) dot n =-9.19213930358083e-06 -6.50753094911011e-06 I
  v_w dot n         =-9.19213930358157e-06 -6.50753094911067e-06 I
sphere id 4, r=(-0.0987033, 0.0007084, 0.00477668), n=(0.259343, 0.14168, 0.955336)
  p_i + p_s =-2.46224937843552e+01 -5.40198778856797e+00 I
  p_w       =-2.46224937843546e+01 -5.40198778856829e+00 I
  (v_i + v_s) dot n =-8.54564408913824e-06 -7.59087398838435e-06 I
  v_w dot n         =-8.54564408913912e-06 -7.59087398838499e-06 I
sphere id 5, r=(0.00129672, 0.0507084, 0.00477668), n=(0.259343, 0.14168, 0.955336)
  p_i + p_s =-2.44484152239182e+01 -1.30457131433315e+00 I
  p_w       =-2.44484152239188e+01 -1.30457131433245e+00 I
  (v_i + v_s) dot n =-9.84674361865926e-06 -5.56349535911656e-06 I
  v_w dot n         =-9.84674361866006e-06 -5.56349535911700e-06 I
sphere id 6, r=(0.0512967, 0.0507084, 0.00477668), n=(0.259343, 0.14168, 0.955336)
  p_i + p_s =-2.46042649624368e+01 +1.01015241687395e+00 I
  p_w       =-2.46042649624365e+01 +1.01015241687282e+00 I
  (v_i + v_s) dot n =-1.02756257072367e-05 -4.69541346135554e-06 I
  v_w dot n         =-1.02756257072376e-05 -4.69541346135623e-06 I
sphere id 7, r=(0.101297, 0.0507084, 0.00477668), n=(0.259343, 0.14168, 0.955336)
  p_i + p_s =-2.44636795803473e+01 +3.78389355713908e+00 I
  p_w       =-2.44636795803465e+01 +3.78389355713988e+00 I
  (v_i + v_s) dot n =-1.07574211448522e-05 -3.89093315722994e-06 I
  v_w dot n         =-1.07574211448530e-05 -3.89093315723014e-06 I
sphere id 8, r=(-0.0487033, 0.0507084, 0.00477668), n=(0.259343, 0.14168, 0.955336)
  p_i + p_s =-2.45641458046046e+01 -3.30756347655604e+00 I
  p_w       =-2.45641458046041e+01 -3.30756347655665e+00 I
  (v_i + v_s) dot n =-9.25024058847286e-06 -6.64153961004151e-06 I
  v_w dot n         =-9.25024058847373e-06 -6.64153961004218e-06 I
sphere id 9, r=(-0.0987033, 0.0507084, 0.00477668), n=(0.259343, 0.14168, 0.955336)
  p_i + p_s =-2.48687053465309e+01 -5.18192324002234e+00 I
  p_w       =-2.48687053465311e+01 -5.18192324002232e+00 I
  (v_i + v_s) dot n =-8.50482709312159e-06 -7.70015748064583e-06 I
  v_w dot n         =-8.50482709312238e-06 -7.70015748064657e-06 I
sphere id 10, r=(0.00129672, 0.100708, 0.00477668), n=(0.259343, 0.14168, 0.955336)
  p_i + p_s =-2.45528578412538e+01 -7.42464719673396e-01 I
  p_w       =-2.45528578412539e+01 -7.42464719674068e-01 I
  (v_i + v_s) dot n =-9.90765419645936e-06 -5.77782559338613e-06 I
  v_w dot n         =-9.90765419646033e-06 -5.77782559338678e-06 I
sphere id 11, r=(0.0512967, 0.100708, 0.00477668), n=(0.259343, 0.14168, 0.955336)
  p_i + p_s =-2.47435076832620e+01 +1.63429196842267e+00 I
  p_w       =-2.47435076832615e+01 +1.63429196842323e+00 I
  (v_i + v_s) dot n =-1.03348806861911e-05 -4.93000231866914e-06 I
  v_w dot n         =-1.03348806861919e-05 -4.93000231866949e-06 I
sphere id 12, r=(0.101297, 0.100708, 0.00477668), n=(0.259343, 0.14168, 0.955336)
  p_i + p_s =-2.44906707470409e+01 +4.26596058423344e+00 I
  p_w       =-2.44906707470417e+01 +4.26596058423277e+00 I
  (v_i + v_s) dot n =-1.08532240136566e-05 -4.04696457259425e-06 I
  v_w dot n         =-1.08532240136577e-05 -4.04696457259472e-06 I
sphere id 13, r=(-0.0487033, 0.100708, 0.00477668), n=(0.259343, 0.14168, 0.955336)
  p_i + p_s =-2.46926683570848e+01 -3.00602822220077e+00 I
  p_w       =-2.46926683570846e+01 -3.00602822220076e+00 I
  (v_i + v_s) dot n =-9.25624689969687e-06 -6.78565482728033e-06 I
  v_w dot n         =-9.25624689969768e-06 -6.78565482728097e-06 I
sphere id 14, r=(-0.0987033, 0.100708, 0.00477668), n=(0.259343, 0.14168, 0.955336)
  p_i + p_s =-2.46452476752728e+01 -4.85949467626711e+00 I
  p_w       =-2.46452476752727e+01 -4.85949467626689e+00 I
  (v_i + v_s) dot n =-8.59714918762811e-06 -7.80136841728414e-06 I
  v_w dot n         =-8.59714918762901e-06 -7.80136841728480e-06 I
sphere id 15, r=(0.00129672, -0.0492916, 0.00477668), n=(0.259343, 0.14168, 0.955336)
  p_i + p_s =-2.46744529973596e+01 -1.42522403536356e+00 I
  p_w       =-2.46744529973600e+01 -1.42522403536292e+00 I
  (v_i + v_s) dot n =-9.79443872581815e-06 -5.55508955543964e-06 I
  v_w dot n         =-9.79443872581891e-06 -5.55508955544014e-06 I
sphere id 16, r=(0.0512967, -0.0492916, 0.00477668), n=(0.259343, 0.14168, 0.955336)
  p_i + p_s =-2.48831217733730e+01 +1.05801334789310e+00 I
  p_w       =-2.48831217733729e+01 +1.05801334789204e+00 I
  (v_i + v_s) dot n =-1.02441794972478e-05 -4.70247182471835e-06 I
  v_w dot n         =-1.02441794972487e-05 -4.70247182471896e-06 I
sphere id 17, r=(0.101297, -0.0492916, 0.00477668), n=(0.259343, 0.14168, 0.955336)
  p_i + p_s =-2.45883033926725e+01 +3.82218513389861e+00 I
  p_w       =-2.45883033926715e+01 +3.82218513389921e+00 I
  (v_i + v_s) dot n =-1.07618310052399e-05 -3.88432558932909e-06 I
  v_w dot n         =-1.07618310052407e-05 -3.88432558932933e-06 I
sphere id 18, r=(-0.0487033, -0.0492916, 0.00477668), n=(0.259343, 0.14168, 0.955336)
  p_i + p_s =-2.47384921717699e+01 -3.45973398196472e+00 I
  p_w       =-2.47384921717694e+01 -3.45973398196531e+00 I
  (v_i + v_s) dot n =-9.19276166859865e-06 -6.62936289169851e-06 I
  v_w dot n         =-9.19276166859954e-06 -6.62936289169917e-06 I
sphere id 19, r=(-0.0987033, -0.0492916, 0.00477668), n=(0.259343, 0.14168, 0.955336)
  p_i + p_s =-2.48460685829049e+01 -5.21638324638375e+00 I
  p_w       =-2.48460685829051e+01 -5.21638324638374e+00 I
  (v_i + v_s) dot n =-8.50245024368765e-06 -7.68306732574976e-06 I
  v_w dot n         =-8.50245024368846e-06 -7.68306732575051e-06 I
sphere id 20, r=(0.00129672, -0.0992916, 0.00477668), n=(0.259343, 0.14168, 0.955336)
  p_i + p_s =-2.49117391238758e+01 -1.03504059725028e+00 I
  p_w       =-2.49117391238760e+01 -1.03504059725079e+00 I
  (v_i + v_s) dot n =-9.79713050786901e-06 -5.74363942377094e-06 I
  v_w dot n         =-9.79713050786991e-06 -5.74363942377152e-06 I
sphere id 21, r=(0.0512967, -0.0992916, 0.00477668), n=(0.259343, 0.14168, 0.955336)
  p_i + p_s =-2.51335439229084e+01 +1.42533836321734e+00 I
  p_w       =-2.51335439229077e+01 +1.42533836321764e+00 I
  (v_i + v_s) dot n =-1.02355196378265e-05 -4.90911248177740e-06 I
  v_w dot n         =-1.02355196378274e-05 -4.90911248177785e-06 I
sphere id 22, r=(0.101297, -0.0992916, 0.00477668), n=(0.259343, 0.14168, 0.955336)
  p_i + p_s =-2.46540235944397e+01 +4.13925013263061e+00 I
  p_w       =-2.46540235944406e+01 +4.13925013263028e+00 I
  (v_i + v_s) dot n =-1.07856497336111e-05 -4.04528256977697e-06 I
  v_w dot n         =-1.07856497336122e-05 -4.04528256977741e-06 I
sphere id 23, r=(-0.0487033, -0.0992916, 0.00477668), n=(0.259343, 0.14168, 0.955336)
  p_i + p_s =-2.48942570149010e+01 -3.31417731753221e+00 I
  p_w       =-2.48942570149008e+01 -3.31417731753227e+00 I
  (v_i + v_s) dot n =-9.15020121410579e-06 -6.71685741763016e-06 I
  v_w dot n         =-9.15020121410666e-06 -6.71685741763083e-06 I
sphere id 24, r=(-0.0987033, -0.0992916, 0.00477668), n=(0.259343, 0.14168, 0.955336)
  p_i + p_s =-2.49008600191020e+01 -4.86676782348451e+00 I
  p_w       =-2.49008600191017e+01 -4.86676782348430e+00 I
  (v_i + v_s) dot n =-8.53874632507392e-06 -7.76719250296662e-06 I
  v_w dot n         =-8.53874632507480e-06 -7.76719250296734e-06 I

-- verification of radiation force analysis --
F_f :  far field method ( summation of field coefficients )
F_n : near field method ( surface integral of radiation stress tensor )
sphere id 0, rotation cetner rc=(0, 0, 0)
  F_f=( 7.61413456810181e-13,  1.68187488302473e-20,  1.77346098323775e-12)
  F_n=( 7.61413456810164e-13,  1.68187490379262e-20,  1.77346098323775e-12)
  N_f=( 0.00000000000000e+00,  0.00000000000000e+00,  0.00000000000000e+00)
  N_n=( 4.38220606637123e-31,  8.89504181335488e-28, -9.58340316178587e-32)
sphere id 1, rotation cetner rc=(0, 0, 0)
  F_f=( 7.15563656256012e-13,  1.25965580033850e-20,  1.83918227553687e-12)
  F_n=( 7.15563656256001e-13,  1.25965582394805e-20,  1.83918227553686e-12)
  N_f=( 0.00000000000000e+00, -9.19591137768437e-14,  6.29827900169248e-22)
  N_n=(-1.52211168422715e-31, -9.19591137768443e-14,  6.29827911849539e-22)
sphere id 2, rotation cetner rc=(0, 0, 0)
  F_f=( 6.81582133117134e-13,  1.26634268929060e-20,  1.86908274242553e-12)
  F_n=( 6.81582133117183e-13,  1.26634270582541e-20,  1.86908274242555e-12)
  N_f=( 0.00000000000000e+00, -1.86908274242553e-13,  1.26634268929060e-21)
  N_n=( 9.17886986488473e-31, -1.86908274242554e-13,  1.26634270584041e-21)
sphere id 3, rotation cetner rc=(0, 0, 0)
  F_f=( 6.80896146118555e-13,  1.57268454125411e-20,  1.89349716787354e-12)
  F_n=( 6.80896146118544e-13,  1.57268452541758e-20,  1.89349716787353e-12)
  N_f=( 0.00000000000000e+00,  9.46748583936768e-14, -7.86342270627053e-22)
  N_n=(-1.21116908970976e-31,  9.46748583936762e-14, -7.86342262491941e-22)
sphere id 4, rotation cetner rc=(0, 0, 0)
  F_f=( 6.71998238080962e-13,  1.38659109446381e-20,  1.98723534079914e-12)
  F_n=( 6.71998238080976e-13,  1.38659103630504e-20,  1.98723534079914e-12)
  N_f=( 0.00000000000000e+00,  1.98723534079914e-13, -1.38659109446381e-21)
  N_n=( 5.63679935947922e-32,  1.98723534079914e-13, -1.38659103592189e-21)
sphere id 5, rotation cetner rc=(0, 0, 0)
  F_f=( 7.47700440874838e-13,  1.71196420241789e-14,  1.83078098361181e-12)
  F_n=( 7.47700440874829e-13,  1.71196420241690e-14,  1.83078098361179e-12)
  N_f=( 9.15390491805903e-14,  0.00000000000000e+00, -3.73850220437419e-14)
  N_n=( 9.15390491805901e-14, -7.05299421003223e-28, -3.73850220437416e-14)
sphere id 6, rotation cetner rc=(0, 0, 0)
  F_f=( 7.26317130503364e-13,  9.15822159199115e-15,  1.86543368568402e-12)
  F_n=( 7.26317130503380e-13,  9.15822159199811e-15,  1.86543368568403e-12)
  N_f=( 9.32716842842010e-14, -9.32716842842010e-14, -3.58579454455686e-14)
  N_n=( 9.32716842842013e-14, -9.32716842842008e-14, -3.58579454455690e-14)
sphere id 7, rotation cetner rc=(0, 0, 0)
  F_f=( 6.87937108861284e-13, -1.46918029221154e-15,  1.89673063034654e-12)
  F_n=( 6.87937108861190e-13, -1.46918029224316e-15,  1.89673063034652e-12)
  N_f=( 9.48365315173269e-14, -1.89673063034654e-13, -3.45437734722854e-14)
  N_n=( 9.48365315173263e-14, -1.89673063034653e-13, -3.45437734722840e-14)
sphere id 8, rotation cetner rc=(0, 0, 0)
  F_f=( 6.77346689221045e-13,  1.76119083153604e-14,  1.91290730953396e-12)
  F_n=( 6.77346689221059e-13,  1.76119083153618e-14,  1.91290730953396e-12)
  N_f=( 9.56453654766979e-14,  9.56453654766979e-14, -3.47479298768203e-14)
  N_n=( 9.56453654766977e-14,  9.56453654766982e-14, -3.47479298768210e-14)
sphere id 9, rotation cetner rc=(0, 0, 0)
  F_f=( 6.80462017497359e-13, -8.57628580290383e-15,  2.01967560177223e-12)
  F_n=( 6.80462017497348e-13, -8.57628580290674e-15,  2.01967560177223e-12)
  N_f=( 1.00983780088611e-13,  2.01967560177223e-13, -3.31654722945776e-14)
  N_n=( 1.00983780088611e-13,  2.01967560177223e-13, -3.31654722945768e-14)
sphere id 10, rotation cetner rc=(0, 0, 0)
  F_f=( 7.12595681018378e-13,  2.24576807630445e-14,  1.88189936478606e-12)
  F_n=( 7.12595681018400e-13,  2.24576807630660e-14,  1.88189936478606e-12)
  N_f=( 1.88189936478606e-13,  0.00000000000000e+00, -7.12595681018378e-14)
  N_n=( 1.88189936478606e-13,  2.13037638744057e-28, -7.12595681018400e-14)
sphere id 11, rotation cetner rc=(0, 0, 0)
  F_f=( 6.77027775766924e-13,  1.79606752585183e-14,  1.93646744086986e-12)
  F_n=( 6.77027775766863e-13,  1.79606752584764e-14,  1.93646744086985e-12)
  N_f=( 1.93646744086986e-13, -9.68233720434932e-14, -6.68047438137665e-14)
  N_n=( 1.93646744086985e-13, -9.68233720434928e-14, -6.68047438137625e-14)
sphere id 12, rotation cetner rc=(0, 0, 0)
  F_f=( 6.47799471294047e-13,  1.07625219843860e-14,  1.94135489403066e-12)
  F_n=( 6.47799471294156e-13,  1.07625219844529e-14,  1.94135489403068e-12)
  N_f=( 1.94135489403066e-13, -1.94135489403066e-13, -6.37036949309660e-14)
  N_n=( 1.94135489403067e-13, -1.94135489403067e-13, -6.37036949309702e-14)
sphere id 13, rotation cetner rc=(0, 0, 0)
  F_f=( 6.68336185788411e-13,  4.05428323308050e-15,  1.93853089346790e-12)
  F_n=( 6.68336185788405e-13,  4.05428323306225e-15,  1.93853089346790e-12)
  N_f=( 1.93853089346790e-13,  9.69265446733952e-14, -6.70363327404952e-14)
  N_n=( 1.93853089346790e-13,  9.69265446733951e-14, -6.70363327404937e-14)
sphere id 14, rotation cetner rc=(0, 0, 0)
  F_f=( 6.56692464677117e-13, -6.86817341331567e-15,  2.00788391958940e-12)
  F_n=( 6.56692464677122e-13, -6.86817341331508e-15,  2.00788391958939e-12)
  N_f=( 2.00788391958940e-13,  2.00788391958940e-13, -6.49824291263802e-14)
  N_n=( 2.00788391958940e-13,  2.00788391958939e-13, -6.49824291263807e-14)
sphere id 15, rotation cetner rc=(0, 0, 0)
  F_f=( 7.47700442371554e-13, -1.71196215600032e-14,  1.83078097365817e-12)
  F_n=( 7.47700442371545e-13, -1.71196215599930e-14,  1.83078097365816e-12)
  N_f=(-9.15390486829086e-14,  0.00000000000000e+00,  3.73850221185777e-14)
  N_n=(-9.15390486829084e-14, -7.02999510592597e-28,  3.73850221185773e-14)
sphere id 16, rotation cetner rc=(0, 0, 0)
  F_f=( 7.26317138728104e-13, -9.15820768939695e-15,  1.86543366717255e-12)
  F_n=( 7.26317138728121e-13, -9.15820768940441e-15,  1.86543366717256e-12)
  N_f=(-9.32716833586275e-14, -9.32716833586275e-14,  3.58579465519353e-14)
  N_n=(-9.32716833586277e-14, -9.32716833586271e-14,  3.58579465519357e-14)
sphere id 17, rotation cetner rc=(0, 0, 0)
  F_f=( 6.87937111025371e-13,  1.46919736626133e-15,  1.89673062851828e-12)
  F_n=( 6.87937111025277e-13,  1.46919736629222e-15,  1.89673062851827e-12)
  N_f=(-9.48365314259141e-14, -1.89673062851828e-13,  3.45437752878947e-14)
  N_n=(-9.48365314259136e-14, -1.89673062851827e-13,  3.45437752878932e-14)
sphere id 18, rotation cetner rc=(0, 0, 0)
  F_f=( 6.77346687628187e-13, -1.76118809637258e-14,  1.91290730104801e-12)
  F_n=( 6.77346687628202e-13, -1.76118809637272e-14,  1.91290730104801e-12)
  N_f=(-9.56453650524005e-14,  9.56453650524005e-14,  3.47479284295957e-14)
  N_n=(-9.56453650524003e-14,  9.56453650524008e-14,  3.47479284295964e-14)
sphere id 19, rotation cetner rc=(0, 0, 0)
  F_f=( 6.80462018457798e-13,  8.57630046577937e-15,  2.01967560472648e-12)
  F_n=( 6.80462018457788e-13,  8.57630046578226e-15,  2.01967560472649e-12)
  N_f=(-1.00983780236324e-13,  2.01967560472648e-13,  3.31654708763120e-14)
  N_n=(-1.00983780236324e-13,  2.01967560472648e-13,  3.31654708763112e-14)
sphere id 20, rotation cetner rc=(0, 0, 0)
  F_f=( 7.12595679261880e-13, -2.24576639434080e-14,  1.88189935315039e-12)
  F_n=( 7.12595679261903e-13, -2.24576639434298e-14,  1.88189935315040e-12)
  N_f=(-1.88189935315039e-13,  0.00000000000000e+00,  7.12595679261880e-14)
  N_n=(-1.88189935315040e-13,  2.15768996905271e-28,  7.12595679261902e-14)
sphere id 21, rotation cetner rc=(0, 0, 0)
  F_f=( 6.77027775742779e-13, -1.79606589764554e-14,  1.93646742952403e-12)
  F_n=( 6.77027775742717e-13, -1.79606589764133e-14,  1.93646742952401e-12)
  N_f=(-1.93646742952403e-13, -9.68233714762013e-14,  6.68047446254551e-14)
  N_n=(-1.93646742952401e-13, -9.68233714762010e-14,  6.68047446254512e-14)
sphere id 22, rotation cetner rc=(0, 0, 0)
  F_f=( 6.47799467095938e-13, -1.07625019440582e-14,  1.94135490146715e-12)
  F_n=( 6.47799467096046e-13, -1.07625019441251e-14,  1.94135490146716e-12)
  N_f=(-1.94135490146715e-13, -1.94135490146715e-13,  6.37036965151880e-14)
  N_n=(-1.94135490146716e-13, -1.94135490146716e-13,  6.37036965151920e-14)
sphere id 23, rotation cetner rc=(0, 0, 0)
  F_f=( 6.68336178501016e-13, -4.05426186213229e-15,  1.93853088678924e-12)
  F_n=( 6.68336178501009e-13, -4.05426186211390e-15,  1.93853088678924e-12)
  N_f=(-1.93853088678924e-13,  9.69265443394618e-14,  6.70363309432082e-14)
  N_n=(-1.93853088678924e-13,  9.69265443394619e-14,  6.70363309432066e-14)
sphere id 24, rotation cetner rc=(0, 0, 0)
  F_f=( 6.56692458925145e-13,  6.86818563306980e-15,  2.00788391608368e-12)
  F_n=( 6.56692458925150e-13,  6.86818563306918e-15,  2.00788391608368e-12)
  N_f=(-2.00788391608368e-13,  2.00788391608368e-13,  6.49824273292075e-14)
  N_n=(-2.00788391608368e-13,  2.00788391608368e-13,  6.49824273292082e-14)
